<?xml version="1.0" encoding="UTF-8"?>
<testsuite name="SolverTest" tests="1" skipped="0" failures="0" errors="0" timestamp="2019-11-13T18:04:36" hostname="aleksandra" time="0.013">
  <properties/>
  <testcase name="wynikPoprawny()" classname="SolverTest" time="0.013"/>
  <system-out><![CDATA[Zaczynamy testy
Zaraz uruchomimy koleny test...
]]></system-out>
  <system-err><![CDATA[]]></system-err>
</testsuite>
